<?xml version="1.0" encoding="UTF-8"?>
<!-- Generated by org.testng.reporters.JUnitReportReporter -->
<testsuite hostname="MichaelQA" failures="0" tests="1" name="LojaEbacTest" time="5.072" errors="0" timestamp="2024-10-02T12:49:46 BRT" skipped="0">
  <testcase classname="LojaEbacTest" name="shouldAccessHomePage" time="5.072"/>
</testsuite> <!-- LojaEbacTest -->
